{
  "RSpec": {
    "coverage": {
      "/Users/ootani/workspace/runteq/portfolio_pro_engineer_1st_exam_app/pro_engineer_1st_exam_app_api/config/environment.rb": {
        "lines": [
          null,
          1,
          null,
          null,
          1
        ]
      },
      "/Users/ootani/workspace/runteq/portfolio_pro_engineer_1st_exam_app/pro_engineer_1st_exam_app_api/config/application.rb": {
        "lines": [
          1,
          null,
          1,
          null,
          null,
          null,
          1,
          null,
          1,
          1,
          null,
          1,
          null,
          null,
          null,
          null,
          null,
          null,
          null,
          null,
          null,
          null,
          null,
          null,
          1,
          null,
          1,
          1,
          1,
          null,
          null
        ]
      },
      "/Users/ootani/workspace/runteq/portfolio_pro_engineer_1st_exam_app/pro_engineer_1st_exam_app_api/config/boot.rb": {
        "lines": [
          1,
          null,
          1,
          1
        ]
      },
      "/Users/ootani/workspace/runteq/portfolio_pro_engineer_1st_exam_app/pro_engineer_1st_exam_app_api/config/environments/test.rb": {
        "lines": [
          1,
          null,
          null,
          null,
          null,
          null,
          null,
          1,
          null,
          null,
          null,
          1,
          null,
          null,
          null,
          null,
          1,
          null,
          null,
          1,
          1,
          null,
          null,
          null,
          null,
          1,
          1,
          1,
          null,
          null,
          1,
          null,
          null,
          1,
          null,
          null,
          1,
          null,
          1,
          null,
          null,
          null,
          null,
          1,
          null,
          null,
          1,
          null,
          null,
          1,
          null,
          null,
          1,
          null,
          null,
          null,
          null,
          null,
          null,
          null
        ]
      },
      "/Users/ootani/workspace/runteq/portfolio_pro_engineer_1st_exam_app/pro_engineer_1st_exam_app_api/config/initializers/cors.rb": {
        "lines": [
          null,
          null,
          null,
          null,
          null,
          null,
          null,
          1,
          1,
          1,
          null,
          1,
          null,
          null,
          null,
          null,
          null
        ]
      },
      "/Users/ootani/workspace/runteq/portfolio_pro_engineer_1st_exam_app/pro_engineer_1st_exam_app_api/config/initializers/filter_parameter_logging.rb": {
        "lines": [
          null,
          null,
          null,
          null,
          null,
          1,
          null,
          null
        ]
      },
      "/Users/ootani/workspace/runteq/portfolio_pro_engineer_1st_exam_app/pro_engineer_1st_exam_app_api/config/initializers/inflections.rb": {
        "lines": [
          null,
          null,
          null,
          null,
          null,
          null,
          null,
          null,
          null,
          null,
          null,
          null,
          null,
          null,
          null,
          null
        ]
      },
      "/Users/ootani/workspace/runteq/portfolio_pro_engineer_1st_exam_app/pro_engineer_1st_exam_app_api/config/initializers/sorcery.rb": {
        "lines": [
          null,
          null,
          null,
          null,
          null,
          null,
          1,
          null,
          null,
          1,
          null,
          null,
          null,
          null,
          null,
          null,
          null,
          null,
          null,
          null,
          null,
          null,
          null,
          null,
          null,
          null,
          null,
          null,
          null,
          null,
          null,
          null,
          null,
          null,
          null,
          null,
          null,
          null,
          null,
          null,
          null,
          null,
          null,
          null,
          null,
          null,
          null,
          null,
          null,
          null,
          null,
          null,
          null,
          null,
          null,
          null,
          null,
          null,
          null,
          null,
          null,
          null,
          null,
          null,
          null,
          null,
          null,
          null,
          null,
          null,
          null,
          null,
          null,
          null,
          null,
          null,
          null,
          null,
          null,
          null,
          null,
          null,
          null,
          null,
          null,
          null,
          null,
          null,
          null,
          null,
          null,
          null,
          null,
          null,
          null,
          null,
          null,
          null,
          null,
          null,
          null,
          null,
          null,
          null,
          null,
          null,
          null,
          null,
          null,
          null,
          null,
          null,
          null,
          null,
          null,
          null,
          null,
          null,
          null,
          null,
          null,
          null,
          null,
          null,
          null,
          null,
          null,
          null,
          null,
          null,
          null,
          null,
          null,
          null,
          null,
          null,
          null,
          null,
          null,
          null,
          null,
          null,
          null,
          null,
          null,
          null,
          null,
          null,
          null,
          null,
          null,
          null,
          null,
          null,
          null,
          null,
          null,
          null,
          null,
          null,
          null,
          null,
          null,
          null,
          null,
          null,
          null,
          null,
          null,
          null,
          null,
          null,
          null,
          null,
          null,
          null,
          null,
          null,
          null,
          null,
          null,
          null,
          null,
          null,
          null,
          null,
          null,
          null,
          null,
          null,
          null,
          null,
          null,
          null,
          null,
          null,
          null,
          null,
          null,
          null,
          null,
          null,
          null,
          null,
          null,
          null,
          null,
          null,
          null,
          null,
          null,
          null,
          null,
          null,
          null,
          null,
          null,
          null,
          null,
          null,
          null,
          null,
          null,
          null,
          null,
          null,
          null,
          null,
          null,
          null,
          null,
          null,
          null,
          null,
          null,
          null,
          null,
          null,
          null,
          null,
          null,
          null,
          null,
          null,
          2,
          null,
          null,
          null,
          null,
          null,
          null,
          null,
          null,
          null,
          null,
          null,
          null,
          null,
          null,
          null,
          null,
          null,
          null,
          null,
          null,
          null,
          null,
          null,
          null,
          null,
          null,
          null,
          null,
          null,
          null,
          null,
          null,
          null,
          null,
          null,
          null,
          null,
          null,
          null,
          1,
          null,
          null,
          null,
          null,
          null,
          null,
          null,
          null,
          null,
          null,
          null,
          null,
          null,
          null,
          null,
          null,
          null,
          null,
          null,
          null,
          null,
          null,
          null,
          null,
          null,
          null,
          null,
          null,
          null,
          null,
          null,
          null,
          null,
          null,
          null,
          null,
          null,
          null,
          null,
          null,
          null,
          null,
          null,
          null,
          null,
          null,
          null,
          null,
          null,
          null,
          null,
          null,
          null,
          null,
          null,
          null,
          null,
          null,
          null,
          null,
          null,
          null,
          null,
          null,
          null,
          null,
          null,
          null,
          null,
          null,
          null,
          null,
          null,
          null,
          null,
          null,
          null,
          null,
          null,
          null,
          null,
          null,
          null,
          null,
          null,
          null,
          null,
          null,
          null,
          null,
          null,
          null,
          null,
          null,
          null,
          null,
          null,
          null,
          null,
          null,
          null,
          null,
          null,
          null,
          null,
          null,
          null,
          null,
          null,
          null,
          null,
          null,
          null,
          null,
          null,
          null,
          null,
          null,
          null,
          null,
          null,
          null,
          null,
          null,
          null,
          null,
          null,
          null,
          null,
          null,
          null,
          null,
          null,
          null,
          null,
          null,
          null,
          null,
          null,
          null,
          null,
          null,
          null,
          null,
          null,
          null,
          null,
          null,
          null,
          null,
          null,
          null,
          null,
          null,
          null,
          null,
          null,
          null,
          null,
          null,
          null,
          null,
          null,
          null,
          null,
          null,
          null,
          null,
          null,
          null,
          null,
          null,
          null,
          null,
          null,
          null,
          null,
          null,
          null,
          null,
          null,
          null,
          null,
          null,
          null,
          null,
          null,
          null,
          null,
          null,
          null,
          null,
          null,
          null,
          null,
          null,
          null,
          null,
          null,
          null,
          null,
          null,
          null,
          null,
          null,
          null,
          null,
          null,
          null,
          null,
          null,
          null,
          null,
          null,
          null,
          null,
          null,
          null,
          null,
          null,
          null,
          null,
          null,
          null,
          null,
          null,
          null,
          null,
          null,
          null,
          null,
          null,
          null,
          null,
          null,
          null,
          null,
          null,
          null,
          null,
          null,
          null,
          null,
          null,
          null,
          null,
          null,
          null,
          null,
          null,
          null,
          null,
          null,
          null,
          null,
          null,
          null,
          null,
          null,
          null,
          null,
          null,
          null,
          null,
          null,
          null,
          null,
          null,
          null,
          null,
          null,
          null,
          null,
          null,
          null,
          null,
          null,
          null,
          null,
          null,
          2,
          null
        ]
      },
      "/Users/ootani/workspace/runteq/portfolio_pro_engineer_1st_exam_app/pro_engineer_1st_exam_app_api/spec/factories/api_key.rb": {
        "lines": [
          1,
          1,
          1,
          7,
          7,
          null,
          null
        ]
      },
      "/Users/ootani/workspace/runteq/portfolio_pro_engineer_1st_exam_app/pro_engineer_1st_exam_app_api/spec/factories/choice.rb": {
        "lines": [
          1,
          1,
          1,
          2,
          2,
          null,
          null
        ]
      },
      "/Users/ootani/workspace/runteq/portfolio_pro_engineer_1st_exam_app/pro_engineer_1st_exam_app_api/spec/factories/flag.rb": {
        "lines": [
          1,
          1,
          1,
          1,
          null,
          null
        ]
      },
      "/Users/ootani/workspace/runteq/portfolio_pro_engineer_1st_exam_app/pro_engineer_1st_exam_app_api/spec/factories/label.rb": {
        "lines": [
          1,
          1,
          39,
          39,
          null,
          null
        ]
      },
      "/Users/ootani/workspace/runteq/portfolio_pro_engineer_1st_exam_app/pro_engineer_1st_exam_app_api/spec/factories/question.rb": {
        "lines": [
          1,
          1,
          1,
          1,
          38,
          38,
          38,
          28,
          38,
          38,
          null,
          null
        ]
      },
      "/Users/ootani/workspace/runteq/portfolio_pro_engineer_1st_exam_app/pro_engineer_1st_exam_app_api/spec/factories/subject.rb": {
        "lines": [
          1,
          1,
          39,
          39,
          null,
          null
        ]
      },
      "/Users/ootani/workspace/runteq/portfolio_pro_engineer_1st_exam_app/pro_engineer_1st_exam_app_api/spec/factories/user.rb": {
        "lines": [
          1,
          1,
          18,
          16,
          17,
          null,
          null
        ]
      },
      "/Users/ootani/workspace/runteq/portfolio_pro_engineer_1st_exam_app/pro_engineer_1st_exam_app_api/spec/factories/user_question_relation.rb": {
        "lines": [
          1,
          1,
          1,
          1,
          1,
          null,
          null
        ]
      },
      "/Users/ootani/workspace/runteq/portfolio_pro_engineer_1st_exam_app/pro_engineer_1st_exam_app_api/config/routes.rb": {
        "lines": [
          1,
          1,
          1,
          1,
          1,
          1,
          1,
          1,
          1,
          1,
          1,
          1,
          1,
          1,
          1,
          null,
          null,
          null,
          null,
          null
        ]
      },
      "/Users/ootani/workspace/runteq/portfolio_pro_engineer_1st_exam_app/pro_engineer_1st_exam_app_api/app/models/choice.rb": {
        "lines": [
          1,
          1,
          null
        ]
      },
      "/Users/ootani/workspace/runteq/portfolio_pro_engineer_1st_exam_app/pro_engineer_1st_exam_app_api/app/models/application_record.rb": {
        "lines": [
          1,
          1,
          null
        ]
      },
      "/Users/ootani/workspace/runteq/portfolio_pro_engineer_1st_exam_app/pro_engineer_1st_exam_app_api/spec/models/flag_spec.rb": {
        "lines": [
          1,
          null,
          1,
          1,
          1,
          null,
          null,
          1,
          1,
          1,
          1,
          null,
          null,
          1,
          1,
          1,
          null,
          null,
          null
        ]
      },
      "/Users/ootani/workspace/runteq/portfolio_pro_engineer_1st_exam_app/pro_engineer_1st_exam_app_api/app/models/flag.rb": {
        "lines": [
          1,
          1,
          1,
          null
        ]
      },
      "/Users/ootani/workspace/runteq/portfolio_pro_engineer_1st_exam_app/pro_engineer_1st_exam_app_api/spec/models/label_spec.rb": {
        "lines": [
          1,
          null,
          1,
          1,
          1,
          null,
          null,
          1,
          1,
          1,
          1,
          null,
          null,
          null
        ]
      },
      "/Users/ootani/workspace/runteq/portfolio_pro_engineer_1st_exam_app/pro_engineer_1st_exam_app_api/app/models/label.rb": {
        "lines": [
          1,
          1,
          null
        ]
      },
      "/Users/ootani/workspace/runteq/portfolio_pro_engineer_1st_exam_app/pro_engineer_1st_exam_app_api/spec/models/question_spec.rb": {
        "lines": [
          1,
          null,
          1,
          1,
          1,
          null,
          null,
          1,
          1,
          1,
          1,
          null,
          null,
          1,
          1,
          1,
          null,
          null,
          1,
          1,
          1,
          null,
          null,
          null
        ]
      },
      "/Users/ootani/workspace/runteq/portfolio_pro_engineer_1st_exam_app/pro_engineer_1st_exam_app_api/app/models/question.rb": {
        "lines": [
          1,
          1,
          1,
          1,
          null,
          1,
          1,
          null,
          1,
          1,
          null
        ]
      },
      "/Users/ootani/workspace/runteq/portfolio_pro_engineer_1st_exam_app/pro_engineer_1st_exam_app_api/spec/models/subject_spec.rb": {
        "lines": [
          1,
          null,
          1,
          1,
          1,
          null,
          null,
          1,
          1,
          1,
          1,
          null,
          null,
          null
        ]
      },
      "/Users/ootani/workspace/runteq/portfolio_pro_engineer_1st_exam_app/pro_engineer_1st_exam_app_api/app/models/subject.rb": {
        "lines": [
          1,
          1,
          1,
          null
        ]
      },
      "/Users/ootani/workspace/runteq/portfolio_pro_engineer_1st_exam_app/pro_engineer_1st_exam_app_api/spec/models/user_question_relation_spec.rb": {
        "lines": [
          1,
          null,
          1,
          null,
          4,
          4,
          null,
          1,
          1,
          1,
          1,
          null,
          null,
          1,
          1,
          1,
          1,
          null,
          null,
          1,
          1,
          1,
          1,
          null,
          null,
          1,
          1,
          1,
          1,
          null,
          null,
          null,
          1,
          1,
          1,
          1,
          null,
          null,
          1,
          1,
          1,
          null,
          null,
          null
        ]
      },
      "/Users/ootani/workspace/runteq/portfolio_pro_engineer_1st_exam_app/pro_engineer_1st_exam_app_api/app/models/user_question_relation.rb": {
        "lines": [
          1,
          1,
          1,
          null,
          1,
          null
        ]
      },
      "/Users/ootani/workspace/runteq/portfolio_pro_engineer_1st_exam_app/pro_engineer_1st_exam_app_api/spec/models/user_spec.rb": {
        "lines": [
          1,
          null,
          1,
          null,
          1,
          1,
          null,
          null,
          1,
          1,
          1,
          1,
          null,
          null,
          1,
          1,
          1,
          1,
          null,
          null,
          1,
          1,
          1,
          1,
          1,
          null,
          null,
          1,
          1,
          1,
          1,
          null,
          null,
          1,
          1,
          1,
          null,
          null,
          1,
          1,
          1,
          null,
          null,
          null
        ]
      },
      "/Users/ootani/workspace/runteq/portfolio_pro_engineer_1st_exam_app/pro_engineer_1st_exam_app_api/app/models/user.rb": {
        "lines": [
          1,
          1,
          null,
          1,
          1,
          1,
          1,
          1,
          null,
          1,
          1,
          null,
          1,
          2,
          null,
          2,
          null,
          null
        ]
      },
      "/Users/ootani/workspace/runteq/portfolio_pro_engineer_1st_exam_app/pro_engineer_1st_exam_app_api/spec/request/api/v1/authentication_spec.rb": {
        "lines": [
          1,
          3,
          3,
          null,
          1,
          1,
          1,
          1,
          null,
          1,
          1,
          1,
          1,
          1,
          1,
          1,
          1,
          null,
          null,
          null,
          1,
          1,
          1,
          null,
          1,
          1,
          1,
          null,
          null,
          null,
          null
        ]
      },
      "/Users/ootani/workspace/runteq/portfolio_pro_engineer_1st_exam_app/pro_engineer_1st_exam_app_api/spec/request/api/v1/exception_handler_spec.rb": {
        "lines": [
          1,
          3,
          3,
          null,
          1,
          1,
          1,
          1,
          null,
          1,
          1,
          1,
          null,
          null,
          null,
          1,
          1,
          1,
          null,
          1,
          1,
          1,
          null,
          null,
          null
        ]
      },
      "/Users/ootani/workspace/runteq/portfolio_pro_engineer_1st_exam_app/pro_engineer_1st_exam_app_api/spec/request/api/v1/questions_spec.rb": {
        "lines": [
          1,
          null,
          1,
          5,
          4,
          4,
          4,
          null,
          1,
          2,
          2,
          2,
          null,
          1,
          1,
          null,
          1,
          1,
          null,
          1,
          1,
          null,
          1,
          1,
          null,
          null,
          null,
          1,
          2,
          null,
          1,
          1,
          null,
          1,
          1,
          null,
          1,
          1,
          null,
          null,
          null,
          1,
          1,
          1,
          1,
          10,
          null,
          null,
          null,
          1,
          1,
          null,
          1,
          1,
          null,
          1,
          1,
          null,
          null,
          null,
          1,
          1,
          1,
          1,
          10,
          null,
          null,
          null,
          1,
          1,
          null,
          1,
          1,
          null,
          1,
          1,
          null,
          null,
          null
        ]
      },
      "/Users/ootani/workspace/runteq/portfolio_pro_engineer_1st_exam_app/pro_engineer_1st_exam_app_api/spec/request/api/v1/registration_spec.rb": {
        "lines": [
          1,
          null,
          null,
          1,
          1,
          2,
          1,
          1,
          null,
          1,
          1,
          1,
          1,
          1,
          1,
          1,
          null,
          null,
          null,
          1,
          2,
          1,
          1,
          null,
          1,
          1,
          1,
          1,
          null,
          null,
          null,
          null,
          1,
          1,
          2,
          2,
          2,
          2,
          1,
          1,
          1,
          null,
          1,
          1,
          1,
          1,
          null,
          null,
          null,
          null
        ]
      },
      "/Users/ootani/workspace/runteq/portfolio_pro_engineer_1st_exam_app/pro_engineer_1st_exam_app_api/app/controllers/api/v1/authentications_controller.rb": {
        "lines": [
          1,
          1,
          null,
          1,
          3,
          3,
          3,
          null,
          3,
          1,
          1,
          1,
          1,
          null,
          2,
          null,
          null,
          null,
          1,
          0,
          0,
          null,
          0,
          null,
          null,
          null,
          1,
          null,
          1,
          3,
          null,
          null
        ]
      },
      "/Users/ootani/workspace/runteq/portfolio_pro_engineer_1st_exam_app/pro_engineer_1st_exam_app_api/app/controllers/api/v1/base_controller.rb": {
        "lines": [
          1,
          1,
          1,
          null,
          1,
          1,
          null,
          1,
          null,
          1,
          4,
          4,
          null,
          null,
          null,
          1,
          4,
          null,
          null,
          1,
          0,
          0,
          null,
          null,
          null,
          1,
          12,
          12,
          null,
          null,
          1,
          null,
          1,
          null,
          1,
          0,
          null,
          null
        ]
      },
      "/Users/ootani/workspace/runteq/portfolio_pro_engineer_1st_exam_app/pro_engineer_1st_exam_app_api/app/controllers/application_controller.rb": {
        "lines": [
          1,
          1,
          null
        ]
      },
      "/Users/ootani/workspace/runteq/portfolio_pro_engineer_1st_exam_app/pro_engineer_1st_exam_app_api/app/controllers/concerns/api/exception_handler.rb": {
        "lines": [
          null,
          null,
          1,
          1,
          null,
          1,
          1,
          1,
          null,
          null,
          1,
          null,
          1,
          0,
          null,
          null,
          1,
          1,
          null,
          null,
          1,
          1,
          null,
          null,
          1,
          null,
          2,
          null,
          null,
          null,
          2,
          null,
          null
        ]
      },
      "/Users/ootani/workspace/runteq/portfolio_pro_engineer_1st_exam_app/pro_engineer_1st_exam_app_api/app/serializers/user_serializer.rb": {
        "lines": [
          1,
          1,
          1,
          null,
          1,
          1,
          null
        ]
      },
      "/Users/ootani/workspace/runteq/portfolio_pro_engineer_1st_exam_app/pro_engineer_1st_exam_app_api/app/serializers/user_question_relation_serializer.rb": {
        "lines": [
          1,
          1,
          1,
          null,
          1,
          1,
          null
        ]
      },
      "/Users/ootani/workspace/runteq/portfolio_pro_engineer_1st_exam_app/pro_engineer_1st_exam_app_api/app/serializers/question_serializer.rb": {
        "lines": [
          1,
          1,
          1,
          null,
          1,
          1,
          43,
          null
        ]
      },
      "/Users/ootani/workspace/runteq/portfolio_pro_engineer_1st_exam_app/pro_engineer_1st_exam_app_api/app/serializers/choice_serializer.rb": {
        "lines": [
          1,
          1,
          1,
          null,
          1,
          null
        ]
      },
      "/Users/ootani/workspace/runteq/portfolio_pro_engineer_1st_exam_app/pro_engineer_1st_exam_app_api/app/serializers/subject_serializer.rb": {
        "lines": [
          1,
          1,
          1,
          null,
          1,
          null
        ]
      },
      "/Users/ootani/workspace/runteq/portfolio_pro_engineer_1st_exam_app/pro_engineer_1st_exam_app_api/app/serializers/label_serializer.rb": {
        "lines": [
          1,
          1,
          1,
          null,
          1,
          null
        ]
      },
      "/Users/ootani/workspace/runteq/portfolio_pro_engineer_1st_exam_app/pro_engineer_1st_exam_app_api/app/serializers/flag_serializer.rb": {
        "lines": [
          1,
          1,
          1,
          null,
          1,
          1,
          null
        ]
      },
      "/Users/ootani/workspace/runteq/portfolio_pro_engineer_1st_exam_app/pro_engineer_1st_exam_app_api/app/models/api_key.rb": {
        "lines": [
          1,
          1,
          1,
          null,
          1,
          null,
          null,
          7,
          null,
          1,
          8,
          8,
          8,
          null,
          null
        ]
      },
      "/Users/ootani/workspace/runteq/portfolio_pro_engineer_1st_exam_app/pro_engineer_1st_exam_app_api/app/controllers/api/v1/questions_controller.rb": {
        "lines": [
          1,
          1,
          null,
          1,
          3,
          3,
          null,
          2,
          null,
          null,
          1,
          1,
          null,
          null,
          1,
          1,
          1,
          1,
          null,
          null,
          1,
          null,
          1,
          null,
          null,
          null,
          null,
          null,
          null,
          null,
          null,
          1,
          1,
          1,
          null,
          null,
          1,
          null,
          1,
          null,
          null,
          null,
          null,
          null,
          null,
          null,
          1,
          1,
          1,
          null,
          null,
          1,
          null,
          1,
          null,
          4,
          null,
          null,
          null
        ]
      },
      "/Users/ootani/workspace/runteq/portfolio_pro_engineer_1st_exam_app/pro_engineer_1st_exam_app_api/app/controllers/api/v1/registrations_controller.rb": {
        "lines": [
          null,
          null,
          1,
          1,
          1,
          null,
          1,
          2,
          null,
          2,
          1,
          1,
          1,
          1,
          null,
          1,
          null,
          null,
          null,
          1,
          1,
          1,
          null,
          0,
          null,
          null,
          null,
          1,
          null,
          1,
          2,
          null,
          null,
          1,
          1,
          null,
          null
        ]
      }
    },
    "timestamp": 1707397308
  }
}
